<?xml version="1.0" encoding="UTF-8"?>
<!-- Generated by org.testng.reporters.JUnitXMLReporter -->
<testsuite hostname="3WNR5Y2" name="Default test" tests="3" failures="0" timestamp="15 Jun 2020 17:09:43 GMT" time="3.115" errors="0">
  <testcase name="getHighestInfectionCountAndDate" time="2.464" classname="org.restAssured.tests.covidGetData"/>
  <testcase name="getHighestDeathCountAndDate" time="0.295" classname="org.restAssured.tests.covidGetData"/>
  <testcase name="gettInfectionCountAndDate" time="0.344" classname="org.restAssured.tests.covidGetData"/>
</testsuite> <!-- Default test -->
